This is pdfTeX, Version 3.14159265-2.6-1.40.21 (MiKTeX 20.10) (preloaded format=pdflatex 2020.10.21)  4 DEC 2020 23:58
entering extended mode
**./practica4.tex
(practica4.tex
LaTeX2e <2020-10-01> patch level 1
L3 programming layer <2020-10-05> xparse <2020-03-03>
("C:\Program Files\MiKTeX\tex/latex/base\article.cls"
Document Class: article 2020/04/10 v1.4m Standard LaTeX document class
("C:\Program Files\MiKTeX\tex/latex/base\size10.clo"
File: size10.clo 2020/04/10 v1.4m Standard LaTeX file (size option)
)
\c@part=\count175
\c@section=\count176
\c@subsection=\count177
\c@subsubsection=\count178
\c@paragraph=\count179
\c@subparagraph=\count180
\c@figure=\count181
\c@table=\count182
\abovecaptionskip=\skip47
\belowcaptionskip=\skip48
\bibindent=\dimen138
)
("C:\Program Files\MiKTeX\tex/latex/graphics\graphicx.sty"
Package: graphicx 2020/09/09 v1.2b Enhanced LaTeX Graphics (DPC,SPQR)

("C:\Program Files\MiKTeX\tex/latex/graphics\keyval.sty"
Package: keyval 2014/10/28 v1.15 key=value parser (DPC)
\KV@toks@=\toks15
)
("C:\Program Files\MiKTeX\tex/latex/graphics\graphics.sty"
Package: graphics 2020/08/30 v1.4c Standard LaTeX Graphics (DPC,SPQR)

("C:\Program Files\MiKTeX\tex/latex/graphics\trig.sty"
Package: trig 2016/01/03 v1.10 sin cos tan (DPC)
)
("C:\Program Files\MiKTeX\tex/latex/graphics-cfg\graphics.cfg"
File: graphics.cfg 2016/06/04 v1.11 sample graphics configuration
)
Package graphics Info: Driver file: pdftex.def on input line 105.

("C:\Program Files\MiKTeX\tex/latex/graphics-def\pdftex.def"
File: pdftex.def 2020/10/05 v1.2a Graphics/color driver for pdftex
))
\Gin@req@height=\dimen139
\Gin@req@width=\dimen140
)
("C:\Program Files\MiKTeX\tex/latex/ragged2e\ragged2e.sty"
Package: ragged2e 2019/07/28 v2.2 ragged2e Package (MS)

("C:\Program Files\MiKTeX\tex/latex/ms\everysel.sty"
Package: everysel 2011/10/28 v1.2 EverySelectfont Package (MS)
)
\CenteringLeftskip=\skip49
\RaggedLeftLeftskip=\skip50
\RaggedRightLeftskip=\skip51
\CenteringRightskip=\skip52
\RaggedLeftRightskip=\skip53
\RaggedRightRightskip=\skip54
\CenteringParfillskip=\skip55
\RaggedLeftParfillskip=\skip56
\RaggedRightParfillskip=\skip57
\JustifyingParfillskip=\skip58
\CenteringParindent=\skip59
\RaggedLeftParindent=\skip60
\RaggedRightParindent=\skip61
\JustifyingParindent=\skip62
)
("C:\Program Files\MiKTeX\tex/latex/geometry\geometry.sty"
Package: geometry 2020/01/02 v5.9 Page Geometry

("C:\Program Files\MiKTeX\tex/generic/iftex\ifvtex.sty"
Package: ifvtex 2019/10/25 v1.7 ifvtex legacy package. Use iftex instead.

("C:\Program Files\MiKTeX\tex/generic/iftex\iftex.sty"
Package: iftex 2020/03/06 v1.0d TeX engine tests
))
\Gm@cnth=\count183
\Gm@cntv=\count184
\c@Gm@tempcnt=\count185
\Gm@bindingoffset=\dimen141
\Gm@wd@mp=\dimen142
\Gm@odd@mp=\dimen143
\Gm@even@mp=\dimen144
\Gm@layoutwidth=\dimen145
\Gm@layoutheight=\dimen146
\Gm@layouthoffset=\dimen147
\Gm@layoutvoffset=\dimen148
\Gm@dimlist=\toks16

("C:\Program Files\MiKTeX\tex/latex/geometry\geometry.cfg"))
("C:\Program Files\MiKTeX\tex/latex/float\float.sty"
Package: float 2001/11/08 v1.3d Float enhancements (AL)
\c@float@type=\count186
\float@exts=\toks17
\float@box=\box47
\@float@everytoks=\toks18
\@floatcapt=\box48
)
("C:\Program Files\MiKTeX\tex/latex/hyperref\hyperref.sty"
Package: hyperref 2020-05-15 v7.00e Hypertext links for LaTeX

("C:\Program Files\MiKTeX\tex/generic/ltxcmds\ltxcmds.sty"
Package: ltxcmds 2020-05-10 v1.25 LaTeX kernel commands for general use (HO)
)
("C:\Program Files\MiKTeX\tex/generic/pdftexcmds\pdftexcmds.sty"
Package: pdftexcmds 2020-06-27 v0.33 Utility functions of pdfTeX for LuaTeX (HO
)

("C:\Program Files\MiKTeX\tex/generic/infwarerr\infwarerr.sty"
Package: infwarerr 2019/12/03 v1.5 Providing info/warning/error messages (HO)
)
Package pdftexcmds Info: \pdf@primitive is available.
Package pdftexcmds Info: \pdf@ifprimitive is available.
Package pdftexcmds Info: \pdfdraftmode found.
)
("C:\Program Files\MiKTeX\tex/generic/kvsetkeys\kvsetkeys.sty"
Package: kvsetkeys 2019/12/15 v1.18 Key value parser (HO)
)
("C:\Program Files\MiKTeX\tex/generic/kvdefinekeys\kvdefinekeys.sty"
Package: kvdefinekeys 2019-12-19 v1.6 Define keys (HO)
)
("C:\Program Files\MiKTeX\tex/generic/pdfescape\pdfescape.sty"
Package: pdfescape 2019/12/09 v1.15 Implements pdfTeX's escape features (HO)
)
("C:\Program Files\MiKTeX\tex/latex/hycolor\hycolor.sty"
Package: hycolor 2020-01-27 v1.10 Color options for hyperref/bookmark (HO)
)
("C:\Program Files\MiKTeX\tex/latex/letltxmacro\letltxmacro.sty"
Package: letltxmacro 2019/12/03 v1.6 Let assignment for LaTeX macros (HO)
)
("C:\Program Files\MiKTeX\tex/latex/auxhook\auxhook.sty"
Package: auxhook 2019-12-17 v1.6 Hooks for auxiliary files (HO)
)
("C:\Program Files\MiKTeX\tex/latex/kvoptions\kvoptions.sty"
Package: kvoptions 2019/11/29 v3.13 Key value format for package options (HO)
)
\@linkdim=\dimen149
\Hy@linkcounter=\count187
\Hy@pagecounter=\count188

("C:\Program Files\MiKTeX\tex/latex/hyperref\pd1enc.def"
File: pd1enc.def 2020-05-15 v7.00e Hyperref: PDFDocEncoding definition (HO)
Now handling font encoding PD1 ...
... no UTF-8 mapping file for font encoding PD1
)
("C:\Program Files\MiKTeX\tex/generic/intcalc\intcalc.sty"
Package: intcalc 2019/12/15 v1.3 Expandable calculations with integers (HO)
)
("C:\Program Files\MiKTeX\tex/generic/etexcmds\etexcmds.sty"
Package: etexcmds 2019/12/15 v1.7 Avoid name clashes with e-TeX commands (HO)
)
\Hy@SavedSpaceFactor=\count189
Package hyperref Info: Hyper figures OFF on input line 4464.
Package hyperref Info: Link nesting OFF on input line 4469.
Package hyperref Info: Hyper index ON on input line 4472.
Package hyperref Info: Plain pages OFF on input line 4479.
Package hyperref Info: Backreferencing OFF on input line 4484.
Package hyperref Info: Implicit mode ON; LaTeX internals redefined.
Package hyperref Info: Bookmarks ON on input line 4717.
\c@Hy@tempcnt=\count190

("C:\Program Files\MiKTeX\tex/latex/url\url.sty"
\Urlmuskip=\muskip16
Package: url 2013/09/16  ver 3.4  Verb mode for urls, etc.
)
LaTeX Info: Redefining \url on input line 5076.
\XeTeXLinkMargin=\dimen150

("C:\Program Files\MiKTeX\tex/generic/bitset\bitset.sty"
Package: bitset 2019/12/09 v1.3 Handle bit-vector datatype (HO)

("C:\Program Files\MiKTeX\tex/generic/bigintcalc\bigintcalc.sty"
Package: bigintcalc 2019/12/15 v1.5 Expandable calculations on big integers (HO
)
))
\Fld@menulength=\count191
\Field@Width=\dimen151
\Fld@charsize=\dimen152
Package hyperref Info: Hyper figures OFF on input line 6347.
Package hyperref Info: Link nesting OFF on input line 6352.
Package hyperref Info: Hyper index ON on input line 6355.
Package hyperref Info: backreferencing OFF on input line 6362.
Package hyperref Info: Link coloring OFF on input line 6367.
Package hyperref Info: Link coloring with OCG OFF on input line 6372.
Package hyperref Info: PDF/A mode OFF on input line 6377.
LaTeX Info: Redefining \ref on input line 6417.
LaTeX Info: Redefining \pageref on input line 6421.

("C:\Program Files\MiKTeX\tex/latex/base\atbegshi-ltx.sty"
Package: atbegshi-ltx 2020/08/17 v1.0a Emulation of the original atbegshi packa
ge
with kernel methods
)
\Hy@abspage=\count192
\c@Item=\count193
\c@Hfootnote=\count194
)
Package hyperref Info: Driver (autodetected): hpdftex.

("C:\Program Files\MiKTeX\tex/latex/hyperref\hpdftex.def"
File: hpdftex.def 2020-05-15 v7.00e Hyperref driver for pdfTeX

("C:\Program Files\MiKTeX\tex/latex/base\atveryend-ltx.sty"
Package: atveryend-ltx 2020/08/19 v1.0a Emulation of the original atvery packag
e
with kernel methods
)
\Fld@listcount=\count195
\c@bookmark@seq@number=\count196

("C:\Program Files\MiKTeX\tex/latex/rerunfilecheck\rerunfilecheck.sty"
Package: rerunfilecheck 2019/12/05 v1.9 Rerun checks for auxiliary files (HO)

("C:\Program Files\MiKTeX\tex/generic/uniquecounter\uniquecounter.sty"
Package: uniquecounter 2019/12/15 v1.4 Provide unlimited unique counter (HO)
)
Package uniquecounter Info: New unique counter `rerunfilecheck' on input line 2
86.
)
\Hy@SectionHShift=\skip63
)
("C:\Program Files\MiKTeX\tex/latex/xcolor\xcolor.sty"
Package: xcolor 2016/05/11 v2.12 LaTeX color extensions (UK)

("C:\Program Files\MiKTeX\tex/latex/graphics-cfg\color.cfg"
File: color.cfg 2016/01/02 v1.6 sample color configuration
)
Package xcolor Info: Driver file: pdftex.def on input line 225.

("C:\Program Files\MiKTeX\tex/latex/colortbl\colortbl.sty"
Package: colortbl 2020/01/04 v1.0e Color table columns (DPC)

("C:\Program Files\MiKTeX\tex/latex/tools\array.sty"
Package: array 2019/08/31 v2.4l Tabular extension package (FMi)
\col@sep=\dimen153
\ar@mcellbox=\box49
\extrarowheight=\dimen154
\NC@list=\toks19
\extratabsurround=\skip64
\backup@length=\skip65
\ar@cellbox=\box50
)
\everycr=\toks20
\minrowclearance=\skip66
)
\rownum=\count197
Package xcolor Info: Model `cmy' substituted by `cmy0' on input line 1348.
Package xcolor Info: Model `hsb' substituted by `rgb' on input line 1352.
Package xcolor Info: Model `RGB' extended on input line 1364.
Package xcolor Info: Model `HTML' substituted by `rgb' on input line 1366.
Package xcolor Info: Model `Hsb' substituted by `hsb' on input line 1367.
Package xcolor Info: Model `tHsb' substituted by `hsb' on input line 1368.
Package xcolor Info: Model `HSB' substituted by `hsb' on input line 1369.
Package xcolor Info: Model `Gray' substituted by `gray' on input line 1370.
Package xcolor Info: Model `wave' substituted by `hsb' on input line 1371.
)
("C:\Program Files\MiKTeX\tex/latex/algorithm2e\algorithm2e.sty"
Package: algorithm2e 2017/07/18 v5.2 algorithms environments
\c@AlgoLine=\count198

("C:\Program Files\MiKTeX\tex/latex/base\ifthen.sty"
Package: ifthen 2014/09/29 v1.1c Standard LaTeX ifthen package (DPC)
)
\algocf@hangindent=\skip67

("C:\Program Files\MiKTeX\tex/latex/ifoddpage\ifoddpage.sty"
Package: ifoddpage 2016/04/23 v1.1 Conditionals for odd/even page detection
\c@checkoddpage=\count199
)
("C:\Program Files\MiKTeX\tex/latex/tools\xspace.sty"
Package: xspace 2014/10/28 v1.13 Space after command names (DPC,MH)
)
("C:\Program Files\MiKTeX\tex/latex/relsize\relsize.sty"
Package: relsize 2013/03/29 ver 4.1
)
\skiptotal=\skip68
\skiplinenumber=\skip69
\skiprule=\skip70
\skiphlne=\skip71
\skiptext=\skip72
\skiplength=\skip73
\algomargin=\skip74
\skipalgocfslide=\skip75
\algowidth=\dimen155
\inoutsize=\dimen156
\inoutindent=\dimen157
\interspacetitleruled=\dimen158
\interspacealgoruled=\dimen159
\interspacetitleboxruled=\dimen160
\algocf@ruledwidth=\skip76
\algocf@inoutbox=\box51
\algocf@inputbox=\box52
\AlCapSkip=\skip77
\AlCapHSkip=\skip78
\algoskipindent=\skip79
\algocf@nlbox=\box53
\algocf@hangingbox=\box54
\algocf@untilbox=\box55
\algocf@skipuntil=\skip80
\algocf@capbox=\box56
\algocf@lcaptionbox=\skip81
\algoheightruledefault=\skip82
\algoheightrule=\skip83
\algotitleheightruledefault=\skip84
\algotitleheightrule=\skip85
\c@algocfline=\count266
\c@algocfproc=\count267
\c@algocf=\count268
\algocf@algoframe=\box57
\algocf@algobox=\box58
)
("C:\Program Files\MiKTeX\tex/latex/l3backend\l3backend-pdftex.def"
File: l3backend-pdftex.def 2020-09-24 L3 backend support: PDF output (pdfTeX)
\l__kernel_color_stack_int=\count269
\l__pdf_internal_box=\box59
)
(practica4.aux)
\openout1 = `practica4.aux'.

LaTeX Font Info:    Checking defaults for OML/cmm/m/it on input line 12.
LaTeX Font Info:    ... okay on input line 12.
LaTeX Font Info:    Checking defaults for OMS/cmsy/m/n on input line 12.
LaTeX Font Info:    ... okay on input line 12.
LaTeX Font Info:    Checking defaults for OT1/cmr/m/n on input line 12.
LaTeX Font Info:    ... okay on input line 12.
LaTeX Font Info:    Checking defaults for T1/cmr/m/n on input line 12.
LaTeX Font Info:    ... okay on input line 12.
LaTeX Font Info:    Checking defaults for TS1/cmr/m/n on input line 12.
LaTeX Font Info:    ... okay on input line 12.
LaTeX Font Info:    Checking defaults for OMX/cmex/m/n on input line 12.
LaTeX Font Info:    ... okay on input line 12.
LaTeX Font Info:    Checking defaults for U/cmr/m/n on input line 12.
LaTeX Font Info:    ... okay on input line 12.
LaTeX Font Info:    Checking defaults for PD1/pdf/m/n on input line 12.
LaTeX Font Info:    ... okay on input line 12.
 ("C:\Program Files\MiKTeX\tex/context/base/mkii\supp-pdf.mkii"
[Loading MPS to PDF converter (version 2006.09.02).]
\scratchcounter=\count270
\scratchdimen=\dimen161
\scratchbox=\box60
\nofMPsegments=\count271
\nofMParguments=\count272
\everyMPshowfont=\toks21
\MPscratchCnt=\count273
\MPscratchDim=\dimen162
\MPnumerator=\count274
\makeMPintoPDFobject=\count275
\everyMPtoPDFconversion=\toks22
) ("C:\Program Files\MiKTeX\tex/latex/epstopdf-pkg\epstopdf-base.sty"
Package: epstopdf-base 2020-01-24 v2.11 Base part for package epstopdf
Package epstopdf-base Info: Redefining graphics rule for `.eps' on input line 4
85.
)
ABD: EverySelectfont initializing macros
LaTeX Info: Redefining \selectfont on input line 12.

*geometry* driver: auto-detecting
*geometry* detected driver: pdftex
*geometry* verbose mode - [ preamble ] result:
* driver: pdftex
* paper: <default>
* layout: <same size as paper>
* layoutoffset:(h,v)=(0.0pt,0.0pt)
* modes: 
* h-part:(L,W,R)=(92.14519pt, 430.00462pt, 92.14519pt)
* v-part:(T,H,B)=(95.39737pt, 556.47656pt, 143.09605pt)
* \paperwidth=614.295pt
* \paperheight=794.96999pt
* \textwidth=430.00462pt
* \textheight=664.88156pt
* \oddsidemargin=19.8752pt
* \evensidemargin=19.8752pt
* \topmargin=-13.87262pt
* \headheight=12.0pt
* \headsep=25.0pt
* \topskip=10.0pt
* \footskip=30.0pt
* \marginparwidth=65.0pt
* \marginparsep=11.0pt
* \columnsep=10.0pt
* \skip\footins=9.0pt plus 4.0pt minus 2.0pt
* \hoffset=0.0pt
* \voffset=0.0pt
* \mag=1000
* \@twocolumnfalse
* \@twosidefalse
* \@mparswitchfalse
* \@reversemarginfalse
* (1in=72.27pt=25.4mm, 1cm=28.453pt)

Package hyperref Info: Link coloring OFF on input line 12.
("C:\Program Files\MiKTeX\tex/latex/hyperref\nameref.sty"
Package: nameref 2019/09/16 v2.46 Cross-referencing by name of section

("C:\Program Files\MiKTeX\tex/latex/refcount\refcount.sty"
Package: refcount 2019/12/15 v3.6 Data extraction from label references (HO)
)
("C:\Program Files\MiKTeX\tex/generic/gettitlestring\gettitlestring.sty"
Package: gettitlestring 2019/12/15 v1.6 Cleanup title references (HO)
)
\c@section@level=\count276
)
LaTeX Info: Redefining \ref on input line 12.
LaTeX Info: Redefining \pageref on input line 12.
LaTeX Info: Redefining \nameref on input line 12.

(practica4.out) (practica4.out)
\@outlinefile=\write3
\openout3 = `practica4.out'.

<../img//header.png, id=55, 789.70032pt x 154.32657pt>
File: ../img//header.png Graphic file (type png)
<use ../img//header.png>
Package pdftex.def Info: ../img//header.png  used on input line 13.
(pdftex.def)             Requested size: 451.6883pt x 100.377pt.
LaTeX Font Info:    External font `cmex10' loaded for size
(Font)              <7> on input line 32.
LaTeX Font Info:    External font `cmex10' loaded for size
(Font)              <5> on input line 32.
 [1

{C:/Users/payan/AppData/Local/MiKTeX/pdftex/config/pdftex.map} <../img//header.
png>] [2] [3]
<../img//ejecucionPrimeraParte.png, id=88, 691.83469pt x 730.98094pt>
File: ../img//ejecucionPrimeraParte.png Graphic file (type png)
<use ../img//ejecucionPrimeraParte.png>
Package pdftex.def Info: ../img//ejecucionPrimeraParte.png  used on input line 
153.
(pdftex.def)             Requested size: 401.5072pt x 200.7471pt.
<../img//grafica1.png, id=90, 481.8pt x 361.35pt>
File: ../img//grafica1.png Graphic file (type png)
<use ../img//grafica1.png>
Package pdftex.def Info: ../img//grafica1.png  used on input line 158.
(pdftex.def)             Requested size: 401.51126pt x 301.12793pt.


LaTeX Warning: `!h' float specifier changed to `!ht'.

<../img//grafica2.png, id=91, 481.8pt x 361.35pt>
File: ../img//grafica2.png Graphic file (type png)
<use ../img//grafica2.png>
Package pdftex.def Info: ../img//grafica2.png  used on input line 163.
(pdftex.def)             Requested size: 401.51126pt x 301.12793pt.
[4] [5 <../img//ejecucionPrimeraParte.png> <../img//grafica1.png>]
<../img//grafica3.png, id=110, 481.8pt x 361.35pt>
File: ../img//grafica3.png Graphic file (type png)
<use ../img//grafica3.png>
Package pdftex.def Info: ../img//grafica3.png  used on input line 175.
(pdftex.def)             Requested size: 401.51126pt x 301.12793pt.
<../img//grafica4.png, id=111, 481.8pt x 361.35pt>
File: ../img//grafica4.png Graphic file (type png)
<use ../img//grafica4.png>
Package pdftex.def Info: ../img//grafica4.png  used on input line 180.
(pdftex.def)             Requested size: 401.51126pt x 301.12793pt.
 [6 <../img//grafica2.png>]
<../img//grafica5.png, id=122, 481.8pt x 361.35pt>
File: ../img//grafica5.png Graphic file (type png)
<use ../img//grafica5.png>
Package pdftex.def Info: ../img//grafica5.png  used on input line 185.
(pdftex.def)             Requested size: 401.51126pt x 301.12793pt.
 [7 <../img//grafica3.png>]
<../img//grafica6.png, id=130, 481.8pt x 361.35pt>
File: ../img//grafica6.png Graphic file (type png)
<use ../img//grafica6.png>
Package pdftex.def Info: ../img//grafica6.png  used on input line 190.
(pdftex.def)             Requested size: 401.51126pt x 301.12793pt.
 [8 <../img//grafica4.png>]
<../img//grafica7.png, id=137, 481.8pt x 361.35pt>
File: ../img//grafica7.png Graphic file (type png)
<use ../img//grafica7.png>
Package pdftex.def Info: ../img//grafica7.png  used on input line 195.
(pdftex.def)             Requested size: 401.51126pt x 301.12793pt.
 [9 <../img//grafica5.png>] [10 <../img//grafica6.png>]

LaTeX Warning: Command \O invalid in math mode on input line 206.


LaTeX Warning: Command \O invalid in math mode on input line 207.


LaTeX Warning: Command \O invalid in math mode on input line 208.


LaTeX Warning: Command \O invalid in math mode on input line 209.


LaTeX Warning: Command \O invalid in math mode on input line 210.


LaTeX Warning: Command \O invalid in math mode on input line 211.


LaTeX Warning: Command \O invalid in math mode on input line 212.


LaTeX Warning: Command \O invalid in math mode on input line 213.


LaTeX Warning: Command \O invalid in math mode on input line 217.


LaTeX Warning: Command \O invalid in math mode on input line 226.


LaTeX Warning: Command \O invalid in math mode on input line 227.

[11 <../img//grafica7.png>]

LaTeX Warning: Command \O invalid in math mode on input line 234.


LaTeX Warning: Command \O invalid in math mode on input line 237.


Underfull \hbox (badness 10000) in paragraph at lines 233--238

 []

<../img//ejecucionSegundaParte.png, id=156, 740.0147pt x 386.94562pt>
File: ../img//ejecucionSegundaParte.png Graphic file (type png)
<use ../img//ejecucionSegundaParte.png>
Package pdftex.def Info: ../img//ejecucionSegundaParte.png  used on input line 
242.
(pdftex.def)             Requested size: 401.499pt x 200.75233pt.
<../img//grafica8.png, id=157, 481.8pt x 361.35pt>
File: ../img//grafica8.png Graphic file (type png)
<use ../img//grafica8.png>
Package pdftex.def Info: ../img//grafica8.png  used on input line 247.
(pdftex.def)             Requested size: 401.51126pt x 301.12793pt.
<../img//grafica9.png, id=158, 481.8pt x 361.35pt>
File: ../img//grafica9.png Graphic file (type png)
<use ../img//grafica9.png>
Package pdftex.def Info: ../img//grafica9.png  used on input line 252.
(pdftex.def)             Requested size: 401.51126pt x 301.12793pt.
[12 <../img//ejecucionSegundaParte.png>]
<../img//grafica10.png, id=165, 481.8pt x 361.35pt>
File: ../img//grafica10.png Graphic file (type png)
<use ../img//grafica10.png>
Package pdftex.def Info: ../img//grafica10.png  used on input line 257.
(pdftex.def)             Requested size: 401.51126pt x 301.12793pt.
 [13 <../img//grafica8.png>]
<../img//grafica11.png, id=173, 481.8pt x 361.35pt>
File: ../img//grafica11.png Graphic file (type png)
<use ../img//grafica11.png>
Package pdftex.def Info: ../img//grafica11.png  used on input line 262.
(pdftex.def)             Requested size: 401.51126pt x 301.12793pt.
 [14 <../img//grafica9.png>] [15 <../img//grafica10.png>]

LaTeX Warning: Command \O invalid in math mode on input line 272.


LaTeX Warning: Command \O invalid in math mode on input line 273.


LaTeX Warning: Command \O invalid in math mode on input line 274.


LaTeX Warning: Command \O invalid in math mode on input line 275.


LaTeX Warning: Command \O invalid in math mode on input line 276.


LaTeX Warning: Command \O invalid in math mode on input line 277.


LaTeX Warning: Command \O invalid in math mode on input line 278.


LaTeX Warning: Command \O invalid in math mode on input line 279.


LaTeX Warning: Command \O invalid in math mode on input line 280.


LaTeX Warning: Command \O invalid in math mode on input line 281.


LaTeX Warning: Command \O invalid in math mode on input line 282.


LaTeX Warning: Command \O invalid in math mode on input line 283.


LaTeX Warning: Command \O invalid in math mode on input line 284.


LaTeX Warning: Command \O invalid in math mode on input line 296.


LaTeX Warning: Command \O invalid in math mode on input line 297.


LaTeX Warning: Command \O invalid in math mode on input line 298.


LaTeX Warning: Command \O invalid in math mode on input line 299.


LaTeX Warning: Command \O invalid in math mode on input line 300.


LaTeX Warning: Command \O invalid in math mode on input line 301.


LaTeX Warning: Command \O invalid in math mode on input line 302.


LaTeX Warning: Command \O invalid in math mode on input line 303.


LaTeX Warning: Command \O invalid in math mode on input line 304.


LaTeX Warning: Command \O invalid in math mode on input line 305.


LaTeX Warning: Command \O invalid in math mode on input line 306.


LaTeX Warning: Command \O invalid in math mode on input line 307.


LaTeX Warning: Command \O invalid in math mode on input line 308.

[16 <../img//grafica11.png>]

LaTeX Warning: Command \O invalid in math mode on input line 312.


LaTeX Warning: Command \O invalid in math mode on input line 312.


LaTeX Warning: Command \O invalid in math mode on input line 312.


LaTeX Warning: Command \O invalid in math mode on input line 320.


LaTeX Warning: Command \O invalid in math mode on input line 321.


LaTeX Warning: Command \O invalid in math mode on input line 323.


LaTeX Warning: Command \O invalid in math mode on input line 324.


LaTeX Warning: Command \O invalid in math mode on input line 325.


LaTeX Warning: Command \O invalid in math mode on input line 326.


LaTeX Warning: Command \O invalid in math mode on input line 327.


LaTeX Warning: Command \O invalid in math mode on input line 328.


LaTeX Warning: Command \O invalid in math mode on input line 329.


LaTeX Warning: Command \O invalid in math mode on input line 330.


LaTeX Warning: Command \O invalid in math mode on input line 334.

<../img//Rene.png, id=192, 481.8pt x 481.8pt>
File: ../img//Rene.png Graphic file (type png)
<use ../img//Rene.png>
Package pdftex.def Info: ../img//Rene.png  used on input line 340.
(pdftex.def)             Requested size: 120.44969pt x 120.44969pt.
[17]
Underfull \hbox (badness 10000) in paragraph at lines 346--349

 []

[18 <../img//Rene.png>] (practica4.aux)
Package rerunfilecheck Info: File `practica4.out' has not changed.
(rerunfilecheck)             Checksum: 6F1EB696781876E2F42B2EB9DEA88660;909.
 ) 
Here is how much of TeX's memory you used:
 7655 strings out of 480236
 118174 string characters out of 2890433
 453938 words of memory out of 3000000
 24035 multiletter control sequences out of 15000+200000
 537419 words of font info for 37 fonts, out of 3000000 for 9000
 1141 hyphenation exceptions out of 8191
 60i,16n,66p,1987b,452s stack positions out of 5000i,500n,10000p,200000b,50000s
<C:/Program Files/MiKTeX/fonts/type1/public/amsfonts/cm/cmbx10.pfb><C:/Progra
m Files/MiKTeX/fonts/type1/public/amsfonts/cm/cmbx12.pfb><C:/Program Files/MiKT
eX/fonts/type1/public/amsfonts/cm/cmmi10.pfb><C:/Program Files/MiKTeX/fonts/typ
e1/public/amsfonts/cm/cmmi7.pfb><C:/Program Files/MiKTeX/fonts/type1/public/ams
fonts/cm/cmr10.pfb><C:/Program Files/MiKTeX/fonts/type1/public/amsfonts/cm/cmr1
7.pfb><C:/Program Files/MiKTeX/fonts/type1/public/amsfonts/cm/cmr5.pfb><C:/Prog
ram Files/MiKTeX/fonts/type1/public/amsfonts/cm/cmr7.pfb><C:/Program Files/MiKT
eX/fonts/type1/public/amsfonts/cm/cmsy10.pfb><C:/Program Files/MiKTeX/fonts/typ
e1/public/amsfonts/cm/cmsy7.pfb><C:/Program Files/MiKTeX/fonts/type1/public/ams
fonts/cm/cmti10.pfb><C:/Program Files/MiKTeX/fonts/type1/public/amsfonts/cm/cmt
t10.pfb>
Output written on practica4.pdf (18 pages, 826202 bytes).
PDF statistics:
 260 PDF objects out of 1000 (max. 8388607)
 64 named destinations out of 1000 (max. 500000)
 180 words of extra memory for PDF output out of 10000 (max. 10000000)

